app/build/intermediates/manifest_merge_blame_file/debug/manifest-merger-blame-debug-report.txt
1<?xml version="1.0" encoding="utf-8"?>
2<manifest xmlns:android="http://schemas.android.com/apk/res/android"
3    package="com.example.android.movieapp"
4    android:versionCode="1"
5    android:versionName="1.0" >
6
7    <uses-sdk
8        android:minSdkVersion="21"
8-->src/main/AndroidManifest.xml
9        android:targetSdkVersion="29" />
9-->src/main/AndroidManifest.xml
10
11    <uses-permission android:name="android.permission.ACCESS_NETWORK_STATE" />
11-->src/main/AndroidManifest.xml:5:5-79
11-->src/main/AndroidManifest.xml:5:22-76
12    <uses-permission android:name="android.permission.INTERNET" />
12-->src/main/AndroidManifest.xml:6:5-67
12-->src/main/AndroidManifest.xml:6:22-64
13
14    <application
14-->src/main/AndroidManifest.xml:9:5-31:19
15        android:name="com.example.android.movieapp.MovieApplication"
15-->src/main/AndroidManifest.xml:10:9-69
16        android:allowBackup="false"
16-->src/main/AndroidManifest.xml:11:9-36
17        android:appComponentFactory="androidx.core.app.CoreComponentFactory"
17-->[androidx.core:core:1.3.0] AndroidManifest.xml:24:18-86
18        android:debuggable="true"
19        android:label="@string/app_name"
19-->src/main/AndroidManifest.xml:12:9-41
20        android:roundIcon="@mipmap/ic_launcher_round"
20-->src/main/AndroidManifest.xml:13:9-54
21        android:supportsRtl="true"
21-->src/main/AndroidManifest.xml:14:9-35
22        android:testOnly="true"
23        android:theme="@style/AppTheme"
23-->src/main/AndroidManifest.xml:15:9-40
24        android:usesCleartextTraffic="true" >
24-->src/main/AndroidManifest.xml:16:9-44
25        <activity
25-->src/main/AndroidManifest.xml:19:9-27:20
26            android:name="com.example.android.movieapp.ui.MainActivity"
26-->src/main/AndroidManifest.xml:20:13-72
27            android:theme="@style/SplashTheme" >
27-->src/main/AndroidManifest.xml:21:13-47
28            <intent-filter>
28-->src/main/AndroidManifest.xml:22:13-26:29
29                <action android:name="android.intent.action.MAIN" />
29-->src/main/AndroidManifest.xml:23:17-69
29-->src/main/AndroidManifest.xml:23:25-66
30
31                <category android:name="android.intent.category.LAUNCHER" />
31-->src/main/AndroidManifest.xml:25:17-77
31-->src/main/AndroidManifest.xml:25:27-74
32            </intent-filter>
33        </activity>
34        <activity
34-->src/main/AndroidManifest.xml:28:9-30:76
35            android:name="com.example.android.movieapp.ui.help.HelpActivity"
35-->src/main/AndroidManifest.xml:29:13-77
36            android:theme="@style/Theme.AppCompat.DayNight.Dialog.Alert" />
36-->src/main/AndroidManifest.xml:30:13-73
37    </application>
38
39</manifest>